  File "/Users/drakos/cy-fire-dashboard/fetch_weather.py", line 1
    {\rtf1\ansi\ansicpg1252\cocoartf2822
      ^
SyntaxError: unexpected character after line continuation character
  File "/Users/drakos/cy-fire-dashboard/fetch_weather.py", line 19
    from __future__ import annotations\
    ^^^^
SyntaxError: (unicode error) 'unicodeescape' codec can't decode bytes in position 38-41: truncated \uXXXX escape
[OK] Γράφτηκαν 50 εγγραφές στο /Users/drakos/cy-fire-dashboard/cy_weather_sample.csv
[OK] Γράφτηκαν 50 εγγραφές στο /Users/drakos/cy-fire-dashboard/cy_weather_sample.csv
[OK] Γράφτηκαν 50 εγγραφές στο /Users/drakos/cy-fire-dashboard/cy_weather_sample.csv
[OK] Γράφτηκαν 50 εγγραφές στο /Users/drakos/cy-fire-dashboard/cy_weather_sample.csv
[OK] Γράφτηκαν 50 εγγραφές στο /Users/drakos/cy-fire-dashboard/cy_weather_sample.csv
[OK] Γράφτηκαν 50 εγγραφές στο /Users/drakos/cy-fire-dashboard/cy_weather_sample.csv
[WARN] Station_29 (35.1,34.46): 502 Server Error: Bad Gateway for url: https://api.open-meteo.com/v1/forecast?latitude=35.1&longitude=34.46&current_weather=true&hourly=relative_humidity_2m&timezone=Europe%2FNicosia
[OK] Γράφτηκαν 49 εγγραφές στο /Users/drakos/cy-fire-dashboard/cy_weather_sample.csv
[OK] Γράφτηκαν 50 εγγραφές στο /Users/drakos/cy-fire-dashboard/cy_weather_sample.csv
[OK] Γράφτηκαν 50 εγγραφές στο /Users/drakos/cy-fire-dashboard/cy_weather_sample.csv
[OK] Γράφτηκαν 50 εγγραφές στο /Users/drakos/cy-fire-dashboard/cy_weather_sample.csv
[OK] Γράφτηκαν 50 εγγραφές στο /Users/drakos/cy-fire-dashboard/cy_weather_sample.csv
[OK] Γράφτηκαν 50 εγγραφές στο /Users/drakos/cy-fire-dashboard/cy_weather_sample.csv
[OK] Γράφτηκαν 50 εγγραφές στο /Users/drakos/cy-fire-dashboard/cy_weather_sample.csv
[OK] Γράφτηκαν 50 εγγραφές στο /Users/drakos/cy-fire-dashboard/cy_weather_sample.csv
[OK] Γράφτηκαν 50 εγγραφές στο /Users/drakos/cy-fire-dashboard/cy_weather_sample.csv
[OK] Γράφτηκαν 50 εγγραφές στο /Users/drakos/cy-fire-dashboard/cy_weather_sample.csv
[OK] Γράφτηκαν 50 εγγραφές στο /Users/drakos/cy-fire-dashboard/cy_weather_sample.csv
[OK] Γράφτηκαν 50 εγγραφές στο /Users/drakos/cy-fire-dashboard/cy_weather_sample.csv
[OK] Γράφτηκαν 50 εγγραφές στο /Users/drakos/cy-fire-dashboard/cy_weather_sample.csv
[OK] Γράφτηκαν 50 εγγραφές στο /Users/drakos/cy-fire-dashboard/cy_weather_sample.csv
[OK] Γράφτηκαν 50 εγγραφές στο /Users/drakos/cy-fire-dashboard/cy_weather_sample.csv
[OK] Γράφτηκαν 50 εγγραφές στο /Users/drakos/cy-fire-dashboard/cy_weather_sample.csv
[OK] Γράφτηκαν 50 εγγραφές στο /Users/drakos/cy-fire-dashboard/cy_weather_sample.csv
[ERROR] Δεν βρέθηκε ενότητα <observations> ή δεν υπήρχαν μετρήσεις.
[ERROR] Δεν βρέθηκε ενότητα <observations> ή δεν υπήρχαν μετρήσεις.
[ERROR] Δεν εντοπίστηκαν μετρήσεις ούτε σε 'observations' block ούτε εντός 'station'.
usage: fetch_weather_cydom.py [-h] [--out OUT] [--xml XML]
fetch_weather_cydom.py: error: unrecognized arguments: --stations_csv /Users/drakos/cy-fire-dashboard/stations.csv
usage: fetch_weather_cydom.py [-h] [--out OUT] [--xml XML]
fetch_weather_cydom.py: error: unrecognized arguments: --stations_csv /Users/drakos/cy-fire-dashboard/stations.csv
usage: fetch_weather_cydom.py [-h] [--out OUT] [--xml XML]
fetch_weather_cydom.py: error: unrecognized arguments: --stations_csv /Users/drakos/cy-fire-dashboard/stations.csv
usage: fetch_weather_cydom.py [-h] [--out OUT] [--xml XML]
fetch_weather_cydom.py: error: unrecognized arguments: --stations_csv /Users/drakos/cy-fire-dashboard/stations.csv
usage: fetch_weather_cydom.py [-h] [--out OUT] [--xml XML]
fetch_weather_cydom.py: error: unrecognized arguments: --stations_csv /Users/drakos/cy-fire-dashboard/stations.csv
usage: fetch_weather_cydom.py [-h] [--out OUT] [--xml XML]
fetch_weather_cydom.py: error: unrecognized arguments: --stations_csv /Users/drakos/cy-fire-dashboard/stations.csv
usage: fetch_weather_cydom.py [-h] [--out OUT] [--xml XML]
fetch_weather_cydom.py: error: unrecognized arguments: --stations_csv /Users/drakos/cy-fire-dashboard/stations.csv
usage: fetch_weather_cydom.py [-h] [--out OUT] [--xml XML]
fetch_weather_cydom.py: error: unrecognized arguments: --stations_csv /Users/drakos/cy-fire-dashboard/stations.csv
usage: fetch_weather_cydom.py [-h] [--out OUT] [--xml XML]
fetch_weather_cydom.py: error: unrecognized arguments: --stations_csv /Users/drakos/cy-fire-dashboard/stations.csv
usage: fetch_weather_cydom.py [-h] [--out OUT] [--xml XML]
fetch_weather_cydom.py: error: unrecognized arguments: --stations_csv /Users/drakos/cy-fire-dashboard/stations.csv
usage: fetch_weather_cydom.py [-h] [--out OUT] [--xml XML]
fetch_weather_cydom.py: error: unrecognized arguments: --stations_csv /Users/drakos/cy-fire-dashboard/stations.csv
usage: fetch_weather_cydom.py [-h] [--out OUT] [--xml XML]
fetch_weather_cydom.py: error: unrecognized arguments: --stations_csv /Users/drakos/cy-fire-dashboard/stations.csv
usage: fetch_weather_cydom.py [-h] [--out OUT] [--xml XML]
fetch_weather_cydom.py: error: unrecognized arguments: --stations_csv /Users/drakos/cy-fire-dashboard/stations.csv
usage: fetch_weather_cydom.py [-h] [--out OUT] [--xml XML]
fetch_weather_cydom.py: error: unrecognized arguments: --stations_csv /Users/drakos/cy-fire-dashboard/stations.csv
usage: fetch_weather_cydom.py [-h] [--out OUT] [--xml XML]
fetch_weather_cydom.py: error: unrecognized arguments: --stations_csv /Users/drakos/cy-fire-dashboard/stations.csv
usage: fetch_weather_cydom.py [-h] [--out OUT] [--xml XML]
fetch_weather_cydom.py: error: unrecognized arguments: --stations_csv /Users/drakos/cy-fire-dashboard/stations.csv
usage: fetch_weather_cydom.py [-h] [--out OUT] [--xml XML]
fetch_weather_cydom.py: error: unrecognized arguments: --stations_csv /Users/drakos/cy-fire-dashboard/stations.csv
[OK] Γράφτηκαν 45 εγγραφές στο /Users/drakos/cy-fire-dashboard/cy_weather_sample.csv
[OK] Γράφτηκαν 46 εγγραφές στο /Users/drakos/cy-fire-dashboard/cy_weather_sample.csv
[OK] Γράφτηκαν 46 εγγραφές στο /Users/drakos/cy-fire-dashboard/cy_weather_sample.csv
[OK] Γράφτηκαν 46 εγγραφές στο /Users/drakos/cy-fire-dashboard/cy_weather_sample.csv
[OK] Γράφτηκαν 46 εγγραφές στο /Users/drakos/cy-fire-dashboard/cy_weather_sample.csv
[OK] Γράφτηκαν 46 εγγραφές στο /Users/drakos/cy-fire-dashboard/cy_weather_sample.csv
[OK] Γράφτηκαν 46 εγγραφές στο /Users/drakos/cy-fire-dashboard/cy_weather_sample.csv
[OK] Γράφτηκαν 46 εγγραφές στο /Users/drakos/cy-fire-dashboard/cy_weather_sample.csv
[OK] Γράφτηκαν 46 εγγραφές στο /Users/drakos/cy-fire-dashboard/cy_weather_sample.csv
[OK] Γράφτηκαν 46 εγγραφές στο /Users/drakos/cy-fire-dashboard/cy_weather_sample.csv
[OK] Γράφτηκαν 46 εγγραφές στο /Users/drakos/cy-fire-dashboard/cy_weather_sample.csv
[OK] Γράφτηκαν 46 εγγραφές στο /Users/drakos/cy-fire-dashboard/cy_weather_sample.csv
[OK] Γράφτηκαν 46 εγγραφές στο /Users/drakos/cy-fire-dashboard/cy_weather_sample.csv
[OK] Γράφτηκαν 46 εγγραφές στο /Users/drakos/cy-fire-dashboard/cy_weather_sample.csv
[OK] Γράφτηκαν 45 εγγραφές στο /Users/drakos/cy-fire-dashboard/cy_weather_sample.csv
[OK] Γράφτηκαν 45 εγγραφές στο /Users/drakos/cy-fire-dashboard/cy_weather_sample.csv
[OK] Γράφτηκαν 46 εγγραφές στο /Users/drakos/cy-fire-dashboard/cy_weather_sample.csv
[OK] Γράφτηκαν 46 εγγραφές στο /Users/drakos/cy-fire-dashboard/cy_weather_sample.csv
[OK] Γράφτηκαν 46 εγγραφές στο /Users/drakos/cy-fire-dashboard/cy_weather_sample.csv
[OK] Γράφτηκαν 46 εγγραφές στο /Users/drakos/cy-fire-dashboard/cy_weather_sample.csv
[OK] Γράφτηκαν 46 εγγραφές στο /Users/drakos/cy-fire-dashboard/cy_weather_sample.csv
[OK] Γράφτηκαν 46 εγγραφές στο /Users/drakos/cy-fire-dashboard/cy_weather_sample.csv
[OK] Γράφτηκαν 46 εγγραφές στο /Users/drakos/cy-fire-dashboard/cy_weather_sample.csv
[OK] Γράφτηκαν 46 εγγραφές στο /Users/drakos/cy-fire-dashboard/cy_weather_sample.csv
[OK] Γράφτηκαν 46 εγγραφές στο /Users/drakos/cy-fire-dashboard/cy_weather_sample.csv
[OK] Γράφτηκαν 46 εγγραφές στο /Users/drakos/cy-fire-dashboard/cy_weather_sample.csv
[OK] Γράφτηκαν 46 εγγραφές στο /Users/drakos/cy-fire-dashboard/cy_weather_sample.csv
[OK] Γράφτηκαν 46 εγγραφές στο /Users/drakos/cy-fire-dashboard/cy_weather_sample.csv
[OK] Γράφτηκαν 46 εγγραφές στο /Users/drakos/cy-fire-dashboard/cy_weather_sample.csv
[OK] Γράφτηκαν 46 εγγραφές στο /Users/drakos/cy-fire-dashboard/cy_weather_sample.csv
[OK] Γράφτηκαν 46 εγγραφές στο /Users/drakos/cy-fire-dashboard/cy_weather_sample.csv
[OK] Γράφτηκαν 46 εγγραφές στο /Users/drakos/cy-fire-dashboard/cy_weather_sample.csv
[OK] Γράφτηκαν 46 εγγραφές στο /Users/drakos/cy-fire-dashboard/cy_weather_sample.csv
[OK] Γράφτηκαν 46 εγγραφές στο /Users/drakos/cy-fire-dashboard/cy_weather_sample.csv
[OK] Γράφτηκαν 46 εγγραφές στο /Users/drakos/cy-fire-dashboard/cy_weather_sample.csv
[OK] Γράφτηκαν 46 εγγραφές στο /Users/drakos/cy-fire-dashboard/cy_weather_sample.csv
[OK] Γράφτηκαν 46 εγγραφές στο /Users/drakos/cy-fire-dashboard/cy_weather_sample.csv
[OK] Γράφτηκαν 45 εγγραφές στο /Users/drakos/cy-fire-dashboard/cy_weather_sample.csv
[OK] Γράφτηκαν 45 εγγραφές στο /Users/drakos/cy-fire-dashboard/cy_weather_sample.csv
[OK] Γράφτηκαν 46 εγγραφές στο /Users/drakos/cy-fire-dashboard/cy_weather_sample.csv
[OK] Γράφτηκαν 46 εγγραφές στο /Users/drakos/cy-fire-dashboard/cy_weather_sample.csv
[OK] Γράφτηκαν 46 εγγραφές στο /Users/drakos/cy-fire-dashboard/cy_weather_sample.csv
[OK] Γράφτηκαν 46 εγγραφές στο /Users/drakos/cy-fire-dashboard/cy_weather_sample.csv
[OK] Γράφτηκαν 46 εγγραφές στο /Users/drakos/cy-fire-dashboard/cy_weather_sample.csv
[OK] Γράφτηκαν 46 εγγραφές στο /Users/drakos/cy-fire-dashboard/cy_weather_sample.csv
[OK] Γράφτηκαν 46 εγγραφές στο /Users/drakos/cy-fire-dashboard/cy_weather_sample.csv
[OK] Γράφτηκαν 46 εγγραφές στο /Users/drakos/cy-fire-dashboard/cy_weather_sample.csv
[OK] Γράφτηκαν 46 εγγραφές στο /Users/drakos/cy-fire-dashboard/cy_weather_sample.csv
[OK] Γράφτηκαν 46 εγγραφές στο /Users/drakos/cy-fire-dashboard/cy_weather_sample.csv
[OK] Γράφτηκαν 46 εγγραφές στο /Users/drakos/cy-fire-dashboard/cy_weather_sample.csv
[OK] Γράφτηκαν 46 εγγραφές στο /Users/drakos/cy-fire-dashboard/cy_weather_sample.csv
[OK] Γράφτηκαν 46 εγγραφές στο /Users/drakos/cy-fire-dashboard/cy_weather_sample.csv
[OK] Γράφτηκαν 46 εγγραφές στο /Users/drakos/cy-fire-dashboard/cy_weather_sample.csv
[OK] Γράφτηκαν 46 εγγραφές στο /Users/drakos/cy-fire-dashboard/cy_weather_sample.csv
[ERROR] Αποτυχία φόρτωσης XML: HTTPSConnectionPool(host='www.dom.org.cy', port=443): Max retries exceeded with url: /AWS/OpenData/CyDoM.xml (Caused by NameResolutionError("<urllib3.connection.HTTPSConnection object at 0x103286450>: Failed to resolve 'www.dom.org.cy' ([Errno 8] nodename nor servname provided, or not known)"))
[OK] Γράφτηκαν 46 εγγραφές στο /Users/drakos/cy-fire-dashboard/cy_weather_sample.csv
[OK] Γράφτηκαν 46 εγγραφές στο /Users/drakos/cy-fire-dashboard/cy_weather_sample.csv
[OK] Γράφτηκαν 46 εγγραφές στο /Users/drakos/cy-fire-dashboard/cy_weather_sample.csv
[OK] Γράφτηκαν 46 εγγραφές στο /Users/drakos/cy-fire-dashboard/cy_weather_sample.csv
[OK] Γράφτηκαν 46 εγγραφές στο /Users/drakos/cy-fire-dashboard/cy_weather_sample.csv
[OK] Γράφτηκαν 46 εγγραφές στο /Users/drakos/cy-fire-dashboard/cy_weather_sample.csv
[OK] Γράφτηκαν 46 εγγραφές στο /Users/drakos/cy-fire-dashboard/cy_weather_sample.csv
[OK] Γράφτηκαν 46 εγγραφές στο /Users/drakos/cy-fire-dashboard/cy_weather_sample.csv
[OK] Γράφτηκαν 46 εγγραφές στο /Users/drakos/cy-fire-dashboard/cy_weather_sample.csv
[OK] Γράφτηκαν 46 εγγραφές στο /Users/drakos/cy-fire-dashboard/cy_weather_sample.csv
[OK] Γράφτηκαν 46 εγγραφές στο /Users/drakos/cy-fire-dashboard/cy_weather_sample.csv
[OK] Γράφτηκαν 46 εγγραφές στο /Users/drakos/cy-fire-dashboard/cy_weather_sample.csv
[OK] Γράφτηκαν 45 εγγραφές στο /Users/drakos/cy-fire-dashboard/cy_weather_sample.csv
[OK] Γράφτηκαν 45 εγγραφές στο /Users/drakos/cy-fire-dashboard/cy_weather_sample.csv
[OK] Γράφτηκαν 45 εγγραφές στο /Users/drakos/cy-fire-dashboard/cy_weather_sample.csv
[OK] Γράφτηκαν 45 εγγραφές στο /Users/drakos/cy-fire-dashboard/cy_weather_sample.csv
[OK] Γράφτηκαν 45 εγγραφές στο /Users/drakos/cy-fire-dashboard/cy_weather_sample.csv
[OK] Γράφτηκαν 45 εγγραφές στο /Users/drakos/cy-fire-dashboard/cy_weather_sample.csv
[OK] Γράφτηκαν 46 εγγραφές στο /Users/drakos/cy-fire-dashboard/cy_weather_sample.csv
[OK] Γράφτηκαν 46 εγγραφές στο /Users/drakos/cy-fire-dashboard/cy_weather_sample.csv
[OK] Γράφτηκαν 46 εγγραφές στο /Users/drakos/cy-fire-dashboard/cy_weather_sample.csv
[OK] Γράφτηκαν 46 εγγραφές στο /Users/drakos/cy-fire-dashboard/cy_weather_sample.csv
[OK] Γράφτηκαν 45 εγγραφές στο /Users/drakos/cy-fire-dashboard/cy_weather_sample.csv
[OK] Γράφτηκαν 45 εγγραφές στο /Users/drakos/cy-fire-dashboard/cy_weather_sample.csv
[OK] Γράφτηκαν 45 εγγραφές στο /Users/drakos/cy-fire-dashboard/cy_weather_sample.csv
[OK] Γράφτηκαν 45 εγγραφές στο /Users/drakos/cy-fire-dashboard/cy_weather_sample.csv
[OK] Γράφτηκαν 45 εγγραφές στο /Users/drakos/cy-fire-dashboard/cy_weather_sample.csv
[OK] Γράφτηκαν 45 εγγραφές στο /Users/drakos/cy-fire-dashboard/cy_weather_sample.csv
[OK] Γράφτηκαν 44 εγγραφές στο /Users/drakos/cy-fire-dashboard/cy_weather_sample.csv
[OK] Γράφτηκαν 44 εγγραφές στο /Users/drakos/cy-fire-dashboard/cy_weather_sample.csv
[OK] Γράφτηκαν 45 εγγραφές στο /Users/drakos/cy-fire-dashboard/cy_weather_sample.csv
[OK] Γράφτηκαν 45 εγγραφές στο /Users/drakos/cy-fire-dashboard/cy_weather_sample.csv
[OK] Γράφτηκαν 45 εγγραφές στο /Users/drakos/cy-fire-dashboard/cy_weather_sample.csv
[OK] Γράφτηκαν 45 εγγραφές στο /Users/drakos/cy-fire-dashboard/cy_weather_sample.csv
[OK] Γράφτηκαν 45 εγγραφές στο /Users/drakos/cy-fire-dashboard/cy_weather_sample.csv
[OK] Γράφτηκαν 45 εγγραφές στο /Users/drakos/cy-fire-dashboard/cy_weather_sample.csv
[OK] Γράφτηκαν 45 εγγραφές στο /Users/drakos/cy-fire-dashboard/cy_weather_sample.csv
[OK] Γράφτηκαν 45 εγγραφές στο /Users/drakos/cy-fire-dashboard/cy_weather_sample.csv
[OK] Γράφτηκαν 45 εγγραφές στο /Users/drakos/cy-fire-dashboard/cy_weather_sample.csv
[OK] Γράφτηκαν 45 εγγραφές στο /Users/drakos/cy-fire-dashboard/cy_weather_sample.csv
[OK] Γράφτηκαν 45 εγγραφές στο /Users/drakos/cy-fire-dashboard/cy_weather_sample.csv
[OK] Γράφτηκαν 45 εγγραφές στο /Users/drakos/cy-fire-dashboard/cy_weather_sample.csv
[OK] Γράφτηκαν 45 εγγραφές στο /Users/drakos/cy-fire-dashboard/cy_weather_sample.csv
[OK] Γράφτηκαν 45 εγγραφές στο /Users/drakos/cy-fire-dashboard/cy_weather_sample.csv
[OK] Γράφτηκαν 45 εγγραφές στο /Users/drakos/cy-fire-dashboard/cy_weather_sample.csv
[OK] Γράφτηκαν 46 εγγραφές στο /Users/drakos/cy-fire-dashboard/cy_weather_sample.csv
[OK] Γράφτηκαν 46 εγγραφές στο /Users/drakos/cy-fire-dashboard/cy_weather_sample.csv
[OK] Γράφτηκαν 46 εγγραφές στο /Users/drakos/cy-fire-dashboard/cy_weather_sample.csv
[OK] Γράφτηκαν 46 εγγραφές στο /Users/drakos/cy-fire-dashboard/cy_weather_sample.csv
[OK] Γράφτηκαν 46 εγγραφές στο /Users/drakos/cy-fire-dashboard/cy_weather_sample.csv
[OK] Γράφτηκαν 46 εγγραφές στο /Users/drakos/cy-fire-dashboard/cy_weather_sample.csv
[OK] Γράφτηκαν 46 εγγραφές στο /Users/drakos/cy-fire-dashboard/cy_weather_sample.csv
[OK] Γράφτηκαν 46 εγγραφές στο /Users/drakos/cy-fire-dashboard/cy_weather_sample.csv
[OK] Γράφτηκαν 46 εγγραφές στο /Users/drakos/cy-fire-dashboard/cy_weather_sample.csv
[OK] Γράφτηκαν 46 εγγραφές στο /Users/drakos/cy-fire-dashboard/cy_weather_sample.csv
[OK] Γράφτηκαν 46 εγγραφές στο /Users/drakos/cy-fire-dashboard/cy_weather_sample.csv
[OK] Γράφτηκαν 46 εγγραφές στο /Users/drakos/cy-fire-dashboard/cy_weather_sample.csv
[OK] Γράφτηκαν 46 εγγραφές στο /Users/drakos/cy-fire-dashboard/cy_weather_sample.csv
[OK] Γράφτηκαν 46 εγγραφές στο /Users/drakos/cy-fire-dashboard/cy_weather_sample.csv
[OK] Γράφτηκαν 46 εγγραφές στο /Users/drakos/cy-fire-dashboard/cy_weather_sample.csv
[OK] Γράφτηκαν 46 εγγραφές στο /Users/drakos/cy-fire-dashboard/cy_weather_sample.csv
[OK] Γράφτηκαν 46 εγγραφές στο /Users/drakos/cy-fire-dashboard/cy_weather_sample.csv
[OK] Γράφτηκαν 46 εγγραφές στο /Users/drakos/cy-fire-dashboard/cy_weather_sample.csv
[OK] Γράφτηκαν 46 εγγραφές στο /Users/drakos/cy-fire-dashboard/cy_weather_sample.csv
[OK] Γράφτηκαν 46 εγγραφές στο /Users/drakos/cy-fire-dashboard/cy_weather_sample.csv
[OK] Γράφτηκαν 46 εγγραφές στο /Users/drakos/cy-fire-dashboard/cy_weather_sample.csv
[OK] Γράφτηκαν 46 εγγραφές στο /Users/drakos/cy-fire-dashboard/cy_weather_sample.csv
[OK] Γράφτηκαν 46 εγγραφές στο /Users/drakos/cy-fire-dashboard/cy_weather_sample.csv
[OK] Γράφτηκαν 46 εγγραφές στο /Users/drakos/cy-fire-dashboard/cy_weather_sample.csv
[OK] Γράφτηκαν 46 εγγραφές στο /Users/drakos/cy-fire-dashboard/cy_weather_sample.csv
[OK] Γράφτηκαν 46 εγγραφές στο /Users/drakos/cy-fire-dashboard/cy_weather_sample.csv
[OK] Γράφτηκαν 46 εγγραφές στο /Users/drakos/cy-fire-dashboard/cy_weather_sample.csv
[OK] Γράφτηκαν 46 εγγραφές στο /Users/drakos/cy-fire-dashboard/cy_weather_sample.csv
[OK] Γράφτηκαν 46 εγγραφές στο /Users/drakos/cy-fire-dashboard/cy_weather_sample.csv
[OK] Γράφτηκαν 45 εγγραφές στο /Users/drakos/cy-fire-dashboard/cy_weather_sample.csv
[OK] Γράφτηκαν 45 εγγραφές στο /Users/drakos/cy-fire-dashboard/cy_weather_sample.csv
[OK] Γράφτηκαν 46 εγγραφές στο /Users/drakos/cy-fire-dashboard/cy_weather_sample.csv
[OK] Γράφτηκαν 46 εγγραφές στο /Users/drakos/cy-fire-dashboard/cy_weather_sample.csv
[OK] Γράφτηκαν 46 εγγραφές στο /Users/drakos/cy-fire-dashboard/cy_weather_sample.csv
[OK] Γράφτηκαν 46 εγγραφές στο /Users/drakos/cy-fire-dashboard/cy_weather_sample.csv
[OK] Γράφτηκαν 45 εγγραφές στο /Users/drakos/cy-fire-dashboard/cy_weather_sample.csv
[OK] Γράφτηκαν 45 εγγραφές στο /Users/drakos/cy-fire-dashboard/cy_weather_sample.csv
[OK] Γράφτηκαν 46 εγγραφές στο /Users/drakos/cy-fire-dashboard/cy_weather_sample.csv
[OK] Γράφτηκαν 46 εγγραφές στο /Users/drakos/cy-fire-dashboard/cy_weather_sample.csv
[OK] Γράφτηκαν 46 εγγραφές στο /Users/drakos/cy-fire-dashboard/cy_weather_sample.csv
[OK] Γράφτηκαν 46 εγγραφές στο /Users/drakos/cy-fire-dashboard/cy_weather_sample.csv
[OK] Γράφτηκαν 46 εγγραφές στο /Users/drakos/cy-fire-dashboard/cy_weather_sample.csv
[OK] Γράφτηκαν 46 εγγραφές στο /Users/drakos/cy-fire-dashboard/cy_weather_sample.csv
[OK] Γράφτηκαν 46 εγγραφές στο /Users/drakos/cy-fire-dashboard/cy_weather_sample.csv
[OK] Γράφτηκαν 46 εγγραφές στο /Users/drakos/cy-fire-dashboard/cy_weather_sample.csv
[OK] Γράφτηκαν 46 εγγραφές στο /Users/drakos/cy-fire-dashboard/cy_weather_sample.csv
[OK] Γράφτηκαν 46 εγγραφές στο /Users/drakos/cy-fire-dashboard/cy_weather_sample.csv
[OK] Γράφτηκαν 46 εγγραφές στο /Users/drakos/cy-fire-dashboard/cy_weather_sample.csv
[OK] Γράφτηκαν 46 εγγραφές στο /Users/drakos/cy-fire-dashboard/cy_weather_sample.csv
[OK] Γράφτηκαν 46 εγγραφές στο /Users/drakos/cy-fire-dashboard/cy_weather_sample.csv
[OK] Γράφτηκαν 46 εγγραφές στο /Users/drakos/cy-fire-dashboard/cy_weather_sample.csv
[OK] Γράφτηκαν 46 εγγραφές στο /Users/drakos/cy-fire-dashboard/cy_weather_sample.csv
[OK] Γράφτηκαν 46 εγγραφές στο /Users/drakos/cy-fire-dashboard/cy_weather_sample.csv
[OK] Γράφτηκαν 45 εγγραφές στο /Users/drakos/cy-fire-dashboard/cy_weather_sample.csv
[OK] Γράφτηκαν 45 εγγραφές στο /Users/drakos/cy-fire-dashboard/cy_weather_sample.csv
[OK] Γράφτηκαν 46 εγγραφές στο /Users/drakos/cy-fire-dashboard/cy_weather_sample.csv
[OK] Γράφτηκαν 46 εγγραφές στο /Users/drakos/cy-fire-dashboard/cy_weather_sample.csv
[OK] Γράφτηκαν 46 εγγραφές στο /Users/drakos/cy-fire-dashboard/cy_weather_sample.csv
[OK] Γράφτηκαν 46 εγγραφές στο /Users/drakos/cy-fire-dashboard/cy_weather_sample.csv
[OK] Γράφτηκαν 46 εγγραφές στο /Users/drakos/cy-fire-dashboard/cy_weather_sample.csv
[OK] Γράφτηκαν 46 εγγραφές στο /Users/drakos/cy-fire-dashboard/cy_weather_sample.csv
[OK] Γράφτηκαν 46 εγγραφές στο /Users/drakos/cy-fire-dashboard/cy_weather_sample.csv
[OK] Γράφτηκαν 46 εγγραφές στο /Users/drakos/cy-fire-dashboard/cy_weather_sample.csv
[OK] Γράφτηκαν 46 εγγραφές στο /Users/drakos/cy-fire-dashboard/cy_weather_sample.csv
[OK] Γράφτηκαν 46 εγγραφές στο /Users/drakos/cy-fire-dashboard/cy_weather_sample.csv
[OK] Γράφτηκαν 46 εγγραφές στο /Users/drakos/cy-fire-dashboard/cy_weather_sample.csv
[OK] Γράφτηκαν 46 εγγραφές στο /Users/drakos/cy-fire-dashboard/cy_weather_sample.csv
[OK] Γράφτηκαν 46 εγγραφές στο /Users/drakos/cy-fire-dashboard/cy_weather_sample.csv
[OK] Γράφτηκαν 46 εγγραφές στο /Users/drakos/cy-fire-dashboard/cy_weather_sample.csv
[OK] Γράφτηκαν 46 εγγραφές στο /Users/drakos/cy-fire-dashboard/cy_weather_sample.csv
[OK] Γράφτηκαν 46 εγγραφές στο /Users/drakos/cy-fire-dashboard/cy_weather_sample.csv
[OK] Γράφτηκαν 46 εγγραφές στο /Users/drakos/cy-fire-dashboard/cy_weather_sample.csv
[OK] Γράφτηκαν 46 εγγραφές στο /Users/drakos/cy-fire-dashboard/cy_weather_sample.csv
[OK] Γράφτηκαν 46 εγγραφές στο /Users/drakos/cy-fire-dashboard/cy_weather_sample.csv
[OK] Γράφτηκαν 46 εγγραφές στο /Users/drakos/cy-fire-dashboard/cy_weather_sample.csv
[OK] Γράφτηκαν 46 εγγραφές στο /Users/drakos/cy-fire-dashboard/cy_weather_sample.csv
[OK] Γράφτηκαν 46 εγγραφές στο /Users/drakos/cy-fire-dashboard/cy_weather_sample.csv
[OK] Γράφτηκαν 45 εγγραφές στο /Users/drakos/cy-fire-dashboard/cy_weather_sample.csv
[OK] Γράφτηκαν 45 εγγραφές στο /Users/drakos/cy-fire-dashboard/cy_weather_sample.csv
[OK] Γράφτηκαν 46 εγγραφές στο /Users/drakos/cy-fire-dashboard/cy_weather_sample.csv
[OK] Γράφτηκαν 46 εγγραφές στο /Users/drakos/cy-fire-dashboard/cy_weather_sample.csv
[OK] Γράφτηκαν 46 εγγραφές στο /Users/drakos/cy-fire-dashboard/cy_weather_sample.csv
[OK] Γράφτηκαν 46 εγγραφές στο /Users/drakos/cy-fire-dashboard/cy_weather_sample.csv
[OK] Γράφτηκαν 46 εγγραφές στο /Users/drakos/cy-fire-dashboard/cy_weather_sample.csv
[OK] Γράφτηκαν 46 εγγραφές στο /Users/drakos/cy-fire-dashboard/cy_weather_sample.csv
[OK] Γράφτηκαν 46 εγγραφές στο /Users/drakos/cy-fire-dashboard/cy_weather_sample.csv
[OK] Γράφτηκαν 46 εγγραφές στο /Users/drakos/cy-fire-dashboard/cy_weather_sample.csv
[OK] Γράφτηκαν 46 εγγραφές στο /Users/drakos/cy-fire-dashboard/cy_weather_sample.csv
[OK] Γράφτηκαν 46 εγγραφές στο /Users/drakos/cy-fire-dashboard/cy_weather_sample.csv
[OK] Γράφτηκαν 46 εγγραφές στο /Users/drakos/cy-fire-dashboard/cy_weather_sample.csv
[OK] Γράφτηκαν 46 εγγραφές στο /Users/drakos/cy-fire-dashboard/cy_weather_sample.csv
[OK] Γράφτηκαν 46 εγγραφές στο /Users/drakos/cy-fire-dashboard/cy_weather_sample.csv
[OK] Γράφτηκαν 46 εγγραφές στο /Users/drakos/cy-fire-dashboard/cy_weather_sample.csv
[OK] Γράφτηκαν 46 εγγραφές στο /Users/drakos/cy-fire-dashboard/cy_weather_sample.csv
[OK] Γράφτηκαν 46 εγγραφές στο /Users/drakos/cy-fire-dashboard/cy_weather_sample.csv
[OK] Γράφτηκαν 45 εγγραφές στο /Users/drakos/cy-fire-dashboard/cy_weather_sample.csv
[OK] Γράφτηκαν 46 εγγραφές στο /Users/drakos/cy-fire-dashboard/cy_weather_sample.csv
[OK] Γράφτηκαν 46 εγγραφές στο /Users/drakos/cy-fire-dashboard/cy_weather_sample.csv
[OK] Γράφτηκαν 46 εγγραφές στο /Users/drakos/cy-fire-dashboard/cy_weather_sample.csv
[OK] Γράφτηκαν 46 εγγραφές στο /Users/drakos/cy-fire-dashboard/cy_weather_sample.csv
[OK] Γράφτηκαν 46 εγγραφές στο /Users/drakos/cy-fire-dashboard/cy_weather_sample.csv
[OK] Γράφτηκαν 46 εγγραφές στο /Users/drakos/cy-fire-dashboard/cy_weather_sample.csv
[OK] Γράφτηκαν 46 εγγραφές στο /Users/drakos/cy-fire-dashboard/cy_weather_sample.csv
[OK] Γράφτηκαν 46 εγγραφές στο /Users/drakos/cy-fire-dashboard/cy_weather_sample.csv
[OK] Γράφτηκαν 46 εγγραφές στο /Users/drakos/cy-fire-dashboard/cy_weather_sample.csv
[OK] Γράφτηκαν 46 εγγραφές στο /Users/drakos/cy-fire-dashboard/cy_weather_sample.csv
[OK] Γράφτηκαν 46 εγγραφές στο /Users/drakos/cy-fire-dashboard/cy_weather_sample.csv
[OK] Γράφτηκαν 46 εγγραφές στο /Users/drakos/cy-fire-dashboard/cy_weather_sample.csv
[OK] Γράφτηκαν 46 εγγραφές στο /Users/drakos/cy-fire-dashboard/cy_weather_sample.csv
[OK] Γράφτηκαν 46 εγγραφές στο /Users/drakos/cy-fire-dashboard/cy_weather_sample.csv
[OK] Γράφτηκαν 46 εγγραφές στο /Users/drakos/cy-fire-dashboard/cy_weather_sample.csv
[OK] Γράφτηκαν 46 εγγραφές στο /Users/drakos/cy-fire-dashboard/cy_weather_sample.csv
[OK] Γράφτηκαν 46 εγγραφές στο /Users/drakos/cy-fire-dashboard/cy_weather_sample.csv
[OK] Γράφτηκαν 46 εγγραφές στο /Users/drakos/cy-fire-dashboard/cy_weather_sample.csv
[OK] Γράφτηκαν 46 εγγραφές στο /Users/drakos/cy-fire-dashboard/cy_weather_sample.csv
[OK] Γράφτηκαν 46 εγγραφές στο /Users/drakos/cy-fire-dashboard/cy_weather_sample.csv
[OK] Γράφτηκαν 46 εγγραφές στο /Users/drakos/cy-fire-dashboard/cy_weather_sample.csv
[OK] Γράφτηκαν 45 εγγραφές στο /Users/drakos/cy-fire-dashboard/cy_weather_sample.csv
[OK] Γράφτηκαν 45 εγγραφές στο /Users/drakos/cy-fire-dashboard/cy_weather_sample.csv
[OK] Γράφτηκαν 46 εγγραφές στο /Users/drakos/cy-fire-dashboard/cy_weather_sample.csv
[OK] Γράφτηκαν 46 εγγραφές στο /Users/drakos/cy-fire-dashboard/cy_weather_sample.csv
[OK] Γράφτηκαν 45 εγγραφές στο /Users/drakos/cy-fire-dashboard/cy_weather_sample.csv
[OK] Γράφτηκαν 45 εγγραφές στο /Users/drakos/cy-fire-dashboard/cy_weather_sample.csv
[OK] Γράφτηκαν 46 εγγραφές στο /Users/drakos/cy-fire-dashboard/cy_weather_sample.csv
[OK] Γράφτηκαν 46 εγγραφές στο /Users/drakos/cy-fire-dashboard/cy_weather_sample.csv
[OK] Γράφτηκαν 46 εγγραφές στο /Users/drakos/cy-fire-dashboard/cy_weather_sample.csv
[OK] Γράφτηκαν 46 εγγραφές στο /Users/drakos/cy-fire-dashboard/cy_weather_sample.csv
[OK] Γράφτηκαν 45 εγγραφές στο /Users/drakos/cy-fire-dashboard/cy_weather_sample.csv
[ERROR] Αποτυχία φόρτωσης XML: HTTPSConnectionPool(host='www.dom.org.cy', port=443): Max retries exceeded with url: /AWS/OpenData/CyDoM.xml (Caused by NameResolutionError("<urllib3.connection.HTTPSConnection object at 0x105fbb6d0>: Failed to resolve 'www.dom.org.cy' ([Errno 8] nodename nor servname provided, or not known)"))
[OK] Γράφτηκαν 46 εγγραφές στο /Users/drakos/cy-fire-dashboard/cy_weather_sample.csv
[OK] Γράφτηκαν 46 εγγραφές στο /Users/drakos/cy-fire-dashboard/cy_weather_sample.csv
[OK] Γράφτηκαν 46 εγγραφές στο /Users/drakos/cy-fire-dashboard/cy_weather_sample.csv
[OK] Γράφτηκαν 46 εγγραφές στο /Users/drakos/cy-fire-dashboard/cy_weather_sample.csv
[OK] Γράφτηκαν 45 εγγραφές στο /Users/drakos/cy-fire-dashboard/cy_weather_sample.csv
[OK] Γράφτηκαν 45 εγγραφές στο /Users/drakos/cy-fire-dashboard/cy_weather_sample.csv
[OK] Γράφτηκαν 46 εγγραφές στο /Users/drakos/cy-fire-dashboard/cy_weather_sample.csv
[OK] Γράφτηκαν 46 εγγραφές στο /Users/drakos/cy-fire-dashboard/cy_weather_sample.csv
[OK] Γράφτηκαν 46 εγγραφές στο /Users/drakos/cy-fire-dashboard/cy_weather_sample.csv
[OK] Γράφτηκαν 46 εγγραφές στο /Users/drakos/cy-fire-dashboard/cy_weather_sample.csv
[OK] Γράφτηκαν 46 εγγραφές στο /Users/drakos/cy-fire-dashboard/cy_weather_sample.csv
[OK] Γράφτηκαν 46 εγγραφές στο /Users/drakos/cy-fire-dashboard/cy_weather_sample.csv
[OK] Γράφτηκαν 46 εγγραφές στο /Users/drakos/cy-fire-dashboard/cy_weather_sample.csv
[OK] Γράφτηκαν 46 εγγραφές στο /Users/drakos/cy-fire-dashboard/cy_weather_sample.csv
[OK] Γράφτηκαν 46 εγγραφές στο /Users/drakos/cy-fire-dashboard/cy_weather_sample.csv
[OK] Γράφτηκαν 46 εγγραφές στο /Users/drakos/cy-fire-dashboard/cy_weather_sample.csv
[OK] Γράφτηκαν 45 εγγραφές στο /Users/drakos/cy-fire-dashboard/cy_weather_sample.csv
[OK] Γράφτηκαν 45 εγγραφές στο /Users/drakos/cy-fire-dashboard/cy_weather_sample.csv
[OK] Γράφτηκαν 46 εγγραφές στο /Users/drakos/cy-fire-dashboard/cy_weather_sample.csv
[OK] Γράφτηκαν 46 εγγραφές στο /Users/drakos/cy-fire-dashboard/cy_weather_sample.csv
[OK] Γράφτηκαν 46 εγγραφές στο /Users/drakos/cy-fire-dashboard/cy_weather_sample.csv
[OK] Γράφτηκαν 46 εγγραφές στο /Users/drakos/cy-fire-dashboard/cy_weather_sample.csv
[OK] Γράφτηκαν 46 εγγραφές στο /Users/drakos/cy-fire-dashboard/cy_weather_sample.csv
[OK] Γράφτηκαν 46 εγγραφές στο /Users/drakos/cy-fire-dashboard/cy_weather_sample.csv
[OK] Γράφτηκαν 46 εγγραφές στο /Users/drakos/cy-fire-dashboard/cy_weather_sample.csv
[OK] Γράφτηκαν 46 εγγραφές στο /Users/drakos/cy-fire-dashboard/cy_weather_sample.csv
[OK] Γράφτηκαν 46 εγγραφές στο /Users/drakos/cy-fire-dashboard/cy_weather_sample.csv
[OK] Γράφτηκαν 46 εγγραφές στο /Users/drakos/cy-fire-dashboard/cy_weather_sample.csv
[OK] Γράφτηκαν 46 εγγραφές στο /Users/drakos/cy-fire-dashboard/cy_weather_sample.csv
[OK] Γράφτηκαν 46 εγγραφές στο /Users/drakos/cy-fire-dashboard/cy_weather_sample.csv
[OK] Γράφτηκαν 46 εγγραφές στο /Users/drakos/cy-fire-dashboard/cy_weather_sample.csv
[OK] Γράφτηκαν 46 εγγραφές στο /Users/drakos/cy-fire-dashboard/cy_weather_sample.csv
[OK] Γράφτηκαν 46 εγγραφές στο /Users/drakos/cy-fire-dashboard/cy_weather_sample.csv
[OK] Γράφτηκαν 46 εγγραφές στο /Users/drakos/cy-fire-dashboard/cy_weather_sample.csv
[OK] Γράφτηκαν 46 εγγραφές στο /Users/drakos/cy-fire-dashboard/cy_weather_sample.csv
[OK] Γράφτηκαν 46 εγγραφές στο /Users/drakos/cy-fire-dashboard/cy_weather_sample.csv
[OK] Γράφτηκαν 46 εγγραφές στο /Users/drakos/cy-fire-dashboard/cy_weather_sample.csv
[OK] Γράφτηκαν 46 εγγραφές στο /Users/drakos/cy-fire-dashboard/cy_weather_sample.csv
[OK] Γράφτηκαν 46 εγγραφές στο /Users/drakos/cy-fire-dashboard/cy_weather_sample.csv
[OK] Γράφτηκαν 46 εγγραφές στο /Users/drakos/cy-fire-dashboard/cy_weather_sample.csv
[OK] Γράφτηκαν 46 εγγραφές στο /Users/drakos/cy-fire-dashboard/cy_weather_sample.csv
[OK] Γράφτηκαν 46 εγγραφές στο /Users/drakos/cy-fire-dashboard/cy_weather_sample.csv
[OK] Γράφτηκαν 46 εγγραφές στο /Users/drakos/cy-fire-dashboard/cy_weather_sample.csv
[OK] Γράφτηκαν 46 εγγραφές στο /Users/drakos/cy-fire-dashboard/cy_weather_sample.csv
[OK] Γράφτηκαν 46 εγγραφές στο /Users/drakos/cy-fire-dashboard/cy_weather_sample.csv
[OK] Γράφτηκαν 45 εγγραφές στο /Users/drakos/cy-fire-dashboard/cy_weather_sample.csv
[OK] Γράφτηκαν 45 εγγραφές στο /Users/drakos/cy-fire-dashboard/cy_weather_sample.csv
[OK] Γράφτηκαν 46 εγγραφές στο /Users/drakos/cy-fire-dashboard/cy_weather_sample.csv
[OK] Γράφτηκαν 46 εγγραφές στο /Users/drakos/cy-fire-dashboard/cy_weather_sample.csv
[OK] Γράφτηκαν 45 εγγραφές στο /Users/drakos/cy-fire-dashboard/cy_weather_sample.csv
[OK] Γράφτηκαν 45 εγγραφές στο /Users/drakos/cy-fire-dashboard/cy_weather_sample.csv
[OK] Γράφτηκαν 46 εγγραφές στο /Users/drakos/cy-fire-dashboard/cy_weather_sample.csv
[OK] Γράφτηκαν 46 εγγραφές στο /Users/drakos/cy-fire-dashboard/cy_weather_sample.csv
[OK] Γράφτηκαν 46 εγγραφές στο /Users/drakos/cy-fire-dashboard/cy_weather_sample.csv
[OK] Γράφτηκαν 46 εγγραφές στο /Users/drakos/cy-fire-dashboard/cy_weather_sample.csv
[OK] Γράφτηκαν 46 εγγραφές στο /Users/drakos/cy-fire-dashboard/cy_weather_sample.csv
[OK] Γράφτηκαν 46 εγγραφές στο /Users/drakos/cy-fire-dashboard/cy_weather_sample.csv
[OK] Γράφτηκαν 46 εγγραφές στο /Users/drakos/cy-fire-dashboard/cy_weather_sample.csv
[OK] Γράφτηκαν 46 εγγραφές στο /Users/drakos/cy-fire-dashboard/cy_weather_sample.csv
[OK] Γράφτηκαν 46 εγγραφές στο /Users/drakos/cy-fire-dashboard/cy_weather_sample.csv
[OK] Γράφτηκαν 46 εγγραφές στο /Users/drakos/cy-fire-dashboard/cy_weather_sample.csv
[OK] Γράφτηκαν 46 εγγραφές στο /Users/drakos/cy-fire-dashboard/cy_weather_sample.csv
[OK] Γράφτηκαν 46 εγγραφές στο /Users/drakos/cy-fire-dashboard/cy_weather_sample.csv
[OK] Γράφτηκαν 46 εγγραφές στο /Users/drakos/cy-fire-dashboard/cy_weather_sample.csv
[OK] Γράφτηκαν 46 εγγραφές στο /Users/drakos/cy-fire-dashboard/cy_weather_sample.csv
[OK] Γράφτηκαν 45 εγγραφές στο /Users/drakos/cy-fire-dashboard/cy_weather_sample.csv
[OK] Γράφτηκαν 45 εγγραφές στο /Users/drakos/cy-fire-dashboard/cy_weather_sample.csv
[OK] Γράφτηκαν 46 εγγραφές στο /Users/drakos/cy-fire-dashboard/cy_weather_sample.csv
[OK] Γράφτηκαν 46 εγγραφές στο /Users/drakos/cy-fire-dashboard/cy_weather_sample.csv
[OK] Γράφτηκαν 46 εγγραφές στο /Users/drakos/cy-fire-dashboard/cy_weather_sample.csv
[OK] Γράφτηκαν 46 εγγραφές στο /Users/drakos/cy-fire-dashboard/cy_weather_sample.csv
[OK] Γράφτηκαν 46 εγγραφές στο /Users/drakos/cy-fire-dashboard/cy_weather_sample.csv
[OK] Γράφτηκαν 46 εγγραφές στο /Users/drakos/cy-fire-dashboard/cy_weather_sample.csv
[OK] Γράφτηκαν 46 εγγραφές στο /Users/drakos/cy-fire-dashboard/cy_weather_sample.csv
[OK] Γράφτηκαν 46 εγγραφές στο /Users/drakos/cy-fire-dashboard/cy_weather_sample.csv
[OK] Γράφτηκαν 46 εγγραφές στο /Users/drakos/cy-fire-dashboard/cy_weather_sample.csv
[OK] Γράφτηκαν 46 εγγραφές στο /Users/drakos/cy-fire-dashboard/cy_weather_sample.csv
[OK] Γράφτηκαν 46 εγγραφές στο /Users/drakos/cy-fire-dashboard/cy_weather_sample.csv
[OK] Γράφτηκαν 46 εγγραφές στο /Users/drakos/cy-fire-dashboard/cy_weather_sample.csv
[OK] Γράφτηκαν 46 εγγραφές στο /Users/drakos/cy-fire-dashboard/cy_weather_sample.csv
[OK] Γράφτηκαν 46 εγγραφές στο /Users/drakos/cy-fire-dashboard/cy_weather_sample.csv
[OK] Γράφτηκαν 46 εγγραφές στο /Users/drakos/cy-fire-dashboard/cy_weather_sample.csv
[OK] Γράφτηκαν 46 εγγραφές στο /Users/drakos/cy-fire-dashboard/cy_weather_sample.csv
[OK] Γράφτηκαν 46 εγγραφές στο /Users/drakos/cy-fire-dashboard/cy_weather_sample.csv
[OK] Γράφτηκαν 46 εγγραφές στο /Users/drakos/cy-fire-dashboard/cy_weather_sample.csv
[OK] Γράφτηκαν 46 εγγραφές στο /Users/drakos/cy-fire-dashboard/cy_weather_sample.csv
[OK] Γράφτηκαν 46 εγγραφές στο /Users/drakos/cy-fire-dashboard/cy_weather_sample.csv
[OK] Γράφτηκαν 46 εγγραφές στο /Users/drakos/cy-fire-dashboard/cy_weather_sample.csv
[OK] Γράφτηκαν 46 εγγραφές στο /Users/drakos/cy-fire-dashboard/cy_weather_sample.csv
[OK] Γράφτηκαν 46 εγγραφές στο /Users/drakos/cy-fire-dashboard/cy_weather_sample.csv
[OK] Γράφτηκαν 46 εγγραφές στο /Users/drakos/cy-fire-dashboard/cy_weather_sample.csv
[OK] Γράφτηκαν 45 εγγραφές στο /Users/drakos/cy-fire-dashboard/cy_weather_sample.csv
[OK] Γράφτηκαν 45 εγγραφές στο /Users/drakos/cy-fire-dashboard/cy_weather_sample.csv
[OK] Γράφτηκαν 46 εγγραφές στο /Users/drakos/cy-fire-dashboard/cy_weather_sample.csv
[OK] Γράφτηκαν 46 εγγραφές στο /Users/drakos/cy-fire-dashboard/cy_weather_sample.csv
[OK] Γράφτηκαν 46 εγγραφές στο /Users/drakos/cy-fire-dashboard/cy_weather_sample.csv
[OK] Γράφτηκαν 46 εγγραφές στο /Users/drakos/cy-fire-dashboard/cy_weather_sample.csv
[OK] Γράφτηκαν 45 εγγραφές στο /Users/drakos/cy-fire-dashboard/cy_weather_sample.csv
[OK] Γράφτηκαν 45 εγγραφές στο /Users/drakos/cy-fire-dashboard/cy_weather_sample.csv
[OK] Γράφτηκαν 45 εγγραφές στο /Users/drakos/cy-fire-dashboard/cy_weather_sample.csv
[OK] Γράφτηκαν 46 εγγραφές στο /Users/drakos/cy-fire-dashboard/cy_weather_sample.csv
[OK] Γράφτηκαν 46 εγγραφές στο /Users/drakos/cy-fire-dashboard/cy_weather_sample.csv
[OK] Γράφτηκαν 46 εγγραφές στο /Users/drakos/cy-fire-dashboard/cy_weather_sample.csv
[OK] Γράφτηκαν 46 εγγραφές στο /Users/drakos/cy-fire-dashboard/cy_weather_sample.csv
[OK] Γράφτηκαν 46 εγγραφές στο /Users/drakos/cy-fire-dashboard/cy_weather_sample.csv
[OK] Γράφτηκαν 46 εγγραφές στο /Users/drakos/cy-fire-dashboard/cy_weather_sample.csv
[OK] Γράφτηκαν 46 εγγραφές στο /Users/drakos/cy-fire-dashboard/cy_weather_sample.csv
[OK] Γράφτηκαν 46 εγγραφές στο /Users/drakos/cy-fire-dashboard/cy_weather_sample.csv
[OK] Γράφτηκαν 46 εγγραφές στο /Users/drakos/cy-fire-dashboard/cy_weather_sample.csv
[OK] Γράφτηκαν 46 εγγραφές στο /Users/drakos/cy-fire-dashboard/cy_weather_sample.csv
[OK] Γράφτηκαν 45 εγγραφές στο /Users/drakos/cy-fire-dashboard/cy_weather_sample.csv
[OK] Γράφτηκαν 45 εγγραφές στο /Users/drakos/cy-fire-dashboard/cy_weather_sample.csv
[OK] Γράφτηκαν 46 εγγραφές στο /Users/drakos/cy-fire-dashboard/cy_weather_sample.csv
[OK] Γράφτηκαν 46 εγγραφές στο /Users/drakos/cy-fire-dashboard/cy_weather_sample.csv
[OK] Γράφτηκαν 46 εγγραφές στο /Users/drakos/cy-fire-dashboard/cy_weather_sample.csv
[OK] Γράφτηκαν 46 εγγραφές στο /Users/drakos/cy-fire-dashboard/cy_weather_sample.csv
[OK] Γράφτηκαν 46 εγγραφές στο /Users/drakos/cy-fire-dashboard/cy_weather_sample.csv
[OK] Γράφτηκαν 46 εγγραφές στο /Users/drakos/cy-fire-dashboard/cy_weather_sample.csv
[OK] Γράφτηκαν 46 εγγραφές στο /Users/drakos/cy-fire-dashboard/cy_weather_sample.csv
[OK] Γράφτηκαν 46 εγγραφές στο /Users/drakos/cy-fire-dashboard/cy_weather_sample.csv
[OK] Γράφτηκαν 46 εγγραφές στο /Users/drakos/cy-fire-dashboard/cy_weather_sample.csv
[OK] Γράφτηκαν 46 εγγραφές στο /Users/drakos/cy-fire-dashboard/cy_weather_sample.csv
[OK] Γράφτηκαν 45 εγγραφές στο /Users/drakos/cy-fire-dashboard/cy_weather_sample.csv
[OK] Γράφτηκαν 45 εγγραφές στο /Users/drakos/cy-fire-dashboard/cy_weather_sample.csv
[OK] Γράφτηκαν 45 εγγραφές στο /Users/drakos/cy-fire-dashboard/cy_weather_sample.csv
[OK] Γράφτηκαν 45 εγγραφές στο /Users/drakos/cy-fire-dashboard/cy_weather_sample.csv
[OK] Γράφτηκαν 45 εγγραφές στο /Users/drakos/cy-fire-dashboard/cy_weather_sample.csv
[OK] Γράφτηκαν 46 εγγραφές στο /Users/drakos/cy-fire-dashboard/cy_weather_sample.csv
[OK] Γράφτηκαν 46 εγγραφές στο /Users/drakos/cy-fire-dashboard/cy_weather_sample.csv
[OK] Γράφτηκαν 46 εγγραφές στο /Users/drakos/cy-fire-dashboard/cy_weather_sample.csv
[OK] Γράφτηκαν 46 εγγραφές στο /Users/drakos/cy-fire-dashboard/cy_weather_sample.csv
[OK] Γράφτηκαν 46 εγγραφές στο /Users/drakos/cy-fire-dashboard/cy_weather_sample.csv
[OK] Γράφτηκαν 46 εγγραφές στο /Users/drakos/cy-fire-dashboard/cy_weather_sample.csv
[OK] Γράφτηκαν 46 εγγραφές στο /Users/drakos/cy-fire-dashboard/cy_weather_sample.csv
[OK] Γράφτηκαν 46 εγγραφές στο /Users/drakos/cy-fire-dashboard/cy_weather_sample.csv
[OK] Γράφτηκαν 46 εγγραφές στο /Users/drakos/cy-fire-dashboard/cy_weather_sample.csv
[OK] Γράφτηκαν 46 εγγραφές στο /Users/drakos/cy-fire-dashboard/cy_weather_sample.csv
[OK] Γράφτηκαν 46 εγγραφές στο /Users/drakos/cy-fire-dashboard/cy_weather_sample.csv
[OK] Γράφτηκαν 46 εγγραφές στο /Users/drakos/cy-fire-dashboard/cy_weather_sample.csv
[OK] Γράφτηκαν 46 εγγραφές στο /Users/drakos/cy-fire-dashboard/cy_weather_sample.csv
[OK] Γράφτηκαν 45 εγγραφές στο /Users/drakos/cy-fire-dashboard/cy_weather_sample.csv
[OK] Γράφτηκαν 45 εγγραφές στο /Users/drakos/cy-fire-dashboard/cy_weather_sample.csv
[OK] Γράφτηκαν 46 εγγραφές στο /Users/drakos/cy-fire-dashboard/cy_weather_sample.csv
[OK] Γράφτηκαν 46 εγγραφές στο /Users/drakos/cy-fire-dashboard/cy_weather_sample.csv
[OK] Γράφτηκαν 46 εγγραφές στο /Users/drakos/cy-fire-dashboard/cy_weather_sample.csv
[OK] Γράφτηκαν 46 εγγραφές στο /Users/drakos/cy-fire-dashboard/cy_weather_sample.csv
[OK] Γράφτηκαν 46 εγγραφές στο /Users/drakos/cy-fire-dashboard/cy_weather_sample.csv
[OK] Γράφτηκαν 46 εγγραφές στο /Users/drakos/cy-fire-dashboard/cy_weather_sample.csv
[OK] Γράφτηκαν 46 εγγραφές στο /Users/drakos/cy-fire-dashboard/cy_weather_sample.csv
[OK] Γράφτηκαν 46 εγγραφές στο /Users/drakos/cy-fire-dashboard/cy_weather_sample.csv
[OK] Γράφτηκαν 46 εγγραφές στο /Users/drakos/cy-fire-dashboard/cy_weather_sample.csv
[OK] Γράφτηκαν 46 εγγραφές στο /Users/drakos/cy-fire-dashboard/cy_weather_sample.csv
[OK] Γράφτηκαν 46 εγγραφές στο /Users/drakos/cy-fire-dashboard/cy_weather_sample.csv
[OK] Γράφτηκαν 46 εγγραφές στο /Users/drakos/cy-fire-dashboard/cy_weather_sample.csv
[OK] Γράφτηκαν 46 εγγραφές στο /Users/drakos/cy-fire-dashboard/cy_weather_sample.csv
[OK] Γράφτηκαν 46 εγγραφές στο /Users/drakos/cy-fire-dashboard/cy_weather_sample.csv
[OK] Γράφτηκαν 46 εγγραφές στο /Users/drakos/cy-fire-dashboard/cy_weather_sample.csv
[OK] Γράφτηκαν 46 εγγραφές στο /Users/drakos/cy-fire-dashboard/cy_weather_sample.csv
[OK] Γράφτηκαν 45 εγγραφές στο /Users/drakos/cy-fire-dashboard/cy_weather_sample.csv
[OK] Γράφτηκαν 45 εγγραφές στο /Users/drakos/cy-fire-dashboard/cy_weather_sample.csv
[OK] Γράφτηκαν 46 εγγραφές στο /Users/drakos/cy-fire-dashboard/cy_weather_sample.csv
[OK] Γράφτηκαν 46 εγγραφές στο /Users/drakos/cy-fire-dashboard/cy_weather_sample.csv
[OK] Γράφτηκαν 46 εγγραφές στο /Users/drakos/cy-fire-dashboard/cy_weather_sample.csv
[OK] Γράφτηκαν 46 εγγραφές στο /Users/drakos/cy-fire-dashboard/cy_weather_sample.csv
[OK] Γράφτηκαν 46 εγγραφές στο /Users/drakos/cy-fire-dashboard/cy_weather_sample.csv
[OK] Γράφτηκαν 46 εγγραφές στο /Users/drakos/cy-fire-dashboard/cy_weather_sample.csv
[OK] Γράφτηκαν 45 εγγραφές στο /Users/drakos/cy-fire-dashboard/cy_weather_sample.csv
[OK] Γράφτηκαν 45 εγγραφές στο /Users/drakos/cy-fire-dashboard/cy_weather_sample.csv
[OK] Γράφτηκαν 46 εγγραφές στο /Users/drakos/cy-fire-dashboard/cy_weather_sample.csv
[OK] Γράφτηκαν 46 εγγραφές στο /Users/drakos/cy-fire-dashboard/cy_weather_sample.csv
[OK] Γράφτηκαν 46 εγγραφές στο /Users/drakos/cy-fire-dashboard/cy_weather_sample.csv
[OK] Γράφτηκαν 46 εγγραφές στο /Users/drakos/cy-fire-dashboard/cy_weather_sample.csv
[OK] Γράφτηκαν 46 εγγραφές στο /Users/drakos/cy-fire-dashboard/cy_weather_sample.csv
[OK] Γράφτηκαν 46 εγγραφές στο /Users/drakos/cy-fire-dashboard/cy_weather_sample.csv
[OK] Γράφτηκαν 46 εγγραφές στο /Users/drakos/cy-fire-dashboard/cy_weather_sample.csv
[OK] Γράφτηκαν 46 εγγραφές στο /Users/drakos/cy-fire-dashboard/cy_weather_sample.csv
[OK] Γράφτηκαν 46 εγγραφές στο /Users/drakos/cy-fire-dashboard/cy_weather_sample.csv
[OK] Γράφτηκαν 46 εγγραφές στο /Users/drakos/cy-fire-dashboard/cy_weather_sample.csv
[OK] Γράφτηκαν 46 εγγραφές στο /Users/drakos/cy-fire-dashboard/cy_weather_sample.csv
[OK] Γράφτηκαν 46 εγγραφές στο /Users/drakos/cy-fire-dashboard/cy_weather_sample.csv
[OK] Γράφτηκαν 46 εγγραφές στο /Users/drakos/cy-fire-dashboard/cy_weather_sample.csv
[OK] Γράφτηκαν 46 εγγραφές στο /Users/drakos/cy-fire-dashboard/cy_weather_sample.csv
[OK] Γράφτηκαν 46 εγγραφές στο /Users/drakos/cy-fire-dashboard/cy_weather_sample.csv
[OK] Γράφτηκαν 46 εγγραφές στο /Users/drakos/cy-fire-dashboard/cy_weather_sample.csv
[OK] Γράφτηκαν 46 εγγραφές στο /Users/drakos/cy-fire-dashboard/cy_weather_sample.csv
[OK] Γράφτηκαν 46 εγγραφές στο /Users/drakos/cy-fire-dashboard/cy_weather_sample.csv
[OK] Γράφτηκαν 46 εγγραφές στο /Users/drakos/cy-fire-dashboard/cy_weather_sample.csv
[OK] Γράφτηκαν 46 εγγραφές στο /Users/drakos/cy-fire-dashboard/cy_weather_sample.csv
[OK] Γράφτηκαν 46 εγγραφές στο /Users/drakos/cy-fire-dashboard/cy_weather_sample.csv
[OK] Γράφτηκαν 46 εγγραφές στο /Users/drakos/cy-fire-dashboard/cy_weather_sample.csv
[OK] Γράφτηκαν 46 εγγραφές στο /Users/drakos/cy-fire-dashboard/cy_weather_sample.csv
[OK] Γράφτηκαν 46 εγγραφές στο /Users/drakos/cy-fire-dashboard/cy_weather_sample.csv
[OK] Γράφτηκαν 45 εγγραφές στο /Users/drakos/cy-fire-dashboard/cy_weather_sample.csv
[OK] Γράφτηκαν 45 εγγραφές στο /Users/drakos/cy-fire-dashboard/cy_weather_sample.csv
[OK] Γράφτηκαν 46 εγγραφές στο /Users/drakos/cy-fire-dashboard/cy_weather_sample.csv
[OK] Γράφτηκαν 46 εγγραφές στο /Users/drakos/cy-fire-dashboard/cy_weather_sample.csv
[OK] Γράφτηκαν 46 εγγραφές στο /Users/drakos/cy-fire-dashboard/cy_weather_sample.csv
[OK] Γράφτηκαν 46 εγγραφές στο /Users/drakos/cy-fire-dashboard/cy_weather_sample.csv
[OK] Γράφτηκαν 46 εγγραφές στο /Users/drakos/cy-fire-dashboard/cy_weather_sample.csv
[OK] Γράφτηκαν 46 εγγραφές στο /Users/drakos/cy-fire-dashboard/cy_weather_sample.csv
[OK] Γράφτηκαν 46 εγγραφές στο /Users/drakos/cy-fire-dashboard/cy_weather_sample.csv
[OK] Γράφτηκαν 46 εγγραφές στο /Users/drakos/cy-fire-dashboard/cy_weather_sample.csv
[OK] Γράφτηκαν 46 εγγραφές στο /Users/drakos/cy-fire-dashboard/cy_weather_sample.csv
[OK] Γράφτηκαν 46 εγγραφές στο /Users/drakos/cy-fire-dashboard/cy_weather_sample.csv
[OK] Γράφτηκαν 45 εγγραφές στο /Users/drakos/cy-fire-dashboard/cy_weather_sample.csv
[OK] Γράφτηκαν 45 εγγραφές στο /Users/drakos/cy-fire-dashboard/cy_weather_sample.csv
[OK] Γράφτηκαν 45 εγγραφές στο /Users/drakos/cy-fire-dashboard/cy_weather_sample.csv
[OK] Γράφτηκαν 45 εγγραφές στο /Users/drakos/cy-fire-dashboard/cy_weather_sample.csv
[OK] Γράφτηκαν 46 εγγραφές στο /Users/drakos/cy-fire-dashboard/cy_weather_sample.csv
[OK] Γράφτηκαν 46 εγγραφές στο /Users/drakos/cy-fire-dashboard/cy_weather_sample.csv
[OK] Γράφτηκαν 46 εγγραφές στο /Users/drakos/cy-fire-dashboard/cy_weather_sample.csv
[OK] Γράφτηκαν 46 εγγραφές στο /Users/drakos/cy-fire-dashboard/cy_weather_sample.csv
[OK] Γράφτηκαν 46 εγγραφές στο /Users/drakos/cy-fire-dashboard/cy_weather_sample.csv
[OK] Γράφτηκαν 46 εγγραφές στο /Users/drakos/cy-fire-dashboard/cy_weather_sample.csv
[OK] Γράφτηκαν 46 εγγραφές στο /Users/drakos/cy-fire-dashboard/cy_weather_sample.csv
[OK] Γράφτηκαν 46 εγγραφές στο /Users/drakos/cy-fire-dashboard/cy_weather_sample.csv
[OK] Γράφτηκαν 46 εγγραφές στο /Users/drakos/cy-fire-dashboard/cy_weather_sample.csv
[OK] Γράφτηκαν 46 εγγραφές στο /Users/drakos/cy-fire-dashboard/cy_weather_sample.csv
[OK] Γράφτηκαν 46 εγγραφές στο /Users/drakos/cy-fire-dashboard/cy_weather_sample.csv
[OK] Γράφτηκαν 45 εγγραφές στο /Users/drakos/cy-fire-dashboard/cy_weather_sample.csv
[OK] Γράφτηκαν 45 εγγραφές στο /Users/drakos/cy-fire-dashboard/cy_weather_sample.csv
[OK] Γράφτηκαν 46 εγγραφές στο /Users/drakos/cy-fire-dashboard/cy_weather_sample.csv
[OK] Γράφτηκαν 46 εγγραφές στο /Users/drakos/cy-fire-dashboard/cy_weather_sample.csv
[OK] Γράφτηκαν 46 εγγραφές στο /Users/drakos/cy-fire-dashboard/cy_weather_sample.csv
[OK] Γράφτηκαν 46 εγγραφές στο /Users/drakos/cy-fire-dashboard/cy_weather_sample.csv
[OK] Γράφτηκαν 46 εγγραφές στο /Users/drakos/cy-fire-dashboard/cy_weather_sample.csv
[OK] Γράφτηκαν 46 εγγραφές στο /Users/drakos/cy-fire-dashboard/cy_weather_sample.csv
[OK] Γράφτηκαν 46 εγγραφές στο /Users/drakos/cy-fire-dashboard/cy_weather_sample.csv
[OK] Γράφτηκαν 46 εγγραφές στο /Users/drakos/cy-fire-dashboard/cy_weather_sample.csv
[OK] Γράφτηκαν 46 εγγραφές στο /Users/drakos/cy-fire-dashboard/cy_weather_sample.csv
[OK] Γράφτηκαν 43 εγγραφές στο /Users/drakos/cy-fire-dashboard/cy_weather_sample.csv
[OK] Γράφτηκαν 43 εγγραφές στο /Users/drakos/cy-fire-dashboard/cy_weather_sample.csv
[OK] Γράφτηκαν 43 εγγραφές στο /Users/drakos/cy-fire-dashboard/cy_weather_sample.csv
[OK] Γράφτηκαν 46 εγγραφές στο /Users/drakos/cy-fire-dashboard/cy_weather_sample.csv
[OK] Γράφτηκαν 46 εγγραφές στο /Users/drakos/cy-fire-dashboard/cy_weather_sample.csv
[OK] Γράφτηκαν 46 εγγραφές στο /Users/drakos/cy-fire-dashboard/cy_weather_sample.csv
[OK] Γράφτηκαν 46 εγγραφές στο /Users/drakos/cy-fire-dashboard/cy_weather_sample.csv
[OK] Γράφτηκαν 46 εγγραφές στο /Users/drakos/cy-fire-dashboard/cy_weather_sample.csv
[OK] Γράφτηκαν 46 εγγραφές στο /Users/drakos/cy-fire-dashboard/cy_weather_sample.csv
[OK] Γράφτηκαν 46 εγγραφές στο /Users/drakos/cy-fire-dashboard/cy_weather_sample.csv
[OK] Γράφτηκαν 46 εγγραφές στο /Users/drakos/cy-fire-dashboard/cy_weather_sample.csv
[OK] Γράφτηκαν 45 εγγραφές στο /Users/drakos/cy-fire-dashboard/cy_weather_sample.csv
[OK] Γράφτηκαν 45 εγγραφές στο /Users/drakos/cy-fire-dashboard/cy_weather_sample.csv
[OK] Γράφτηκαν 45 εγγραφές στο /Users/drakos/cy-fire-dashboard/cy_weather_sample.csv
[OK] Γράφτηκαν 45 εγγραφές στο /Users/drakos/cy-fire-dashboard/cy_weather_sample.csv
[OK] Γράφτηκαν 45 εγγραφές στο /Users/drakos/cy-fire-dashboard/cy_weather_sample.csv
[OK] Γράφτηκαν 45 εγγραφές στο /Users/drakos/cy-fire-dashboard/cy_weather_sample.csv
[OK] Γράφτηκαν 45 εγγραφές στο /Users/drakos/cy-fire-dashboard/cy_weather_sample.csv
[OK] Γράφτηκαν 45 εγγραφές στο /Users/drakos/cy-fire-dashboard/cy_weather_sample.csv
[OK] Γράφτηκαν 46 εγγραφές στο /Users/drakos/cy-fire-dashboard/cy_weather_sample.csv
[OK] Γράφτηκαν 46 εγγραφές στο /Users/drakos/cy-fire-dashboard/cy_weather_sample.csv
[OK] Γράφτηκαν 46 εγγραφές στο /Users/drakos/cy-fire-dashboard/cy_weather_sample.csv
[OK] Γράφτηκαν 46 εγγραφές στο /Users/drakos/cy-fire-dashboard/cy_weather_sample.csv
[OK] Γράφτηκαν 45 εγγραφές στο /Users/drakos/cy-fire-dashboard/cy_weather_sample.csv
[OK] Γράφτηκαν 45 εγγραφές στο /Users/drakos/cy-fire-dashboard/cy_weather_sample.csv
[OK] Γράφτηκαν 46 εγγραφές στο /Users/drakos/cy-fire-dashboard/cy_weather_sample.csv
[OK] Γράφτηκαν 45 εγγραφές στο /Users/drakos/cy-fire-dashboard/cy_weather_sample.csv
[OK] Γράφτηκαν 45 εγγραφές στο /Users/drakos/cy-fire-dashboard/cy_weather_sample.csv
[OK] Γράφτηκαν 45 εγγραφές στο /Users/drakos/cy-fire-dashboard/cy_weather_sample.csv
[OK] Γράφτηκαν 45 εγγραφές στο /Users/drakos/cy-fire-dashboard/cy_weather_sample.csv
[OK] Γράφτηκαν 45 εγγραφές στο /Users/drakos/cy-fire-dashboard/cy_weather_sample.csv
[OK] Γράφτηκαν 45 εγγραφές στο /Users/drakos/cy-fire-dashboard/cy_weather_sample.csv
[OK] Γράφτηκαν 45 εγγραφές στο /Users/drakos/cy-fire-dashboard/cy_weather_sample.csv
[OK] Γράφτηκαν 45 εγγραφές στο /Users/drakos/cy-fire-dashboard/cy_weather_sample.csv
[OK] Γράφτηκαν 45 εγγραφές στο /Users/drakos/cy-fire-dashboard/cy_weather_sample.csv
[OK] Γράφτηκαν 45 εγγραφές στο /Users/drakos/cy-fire-dashboard/cy_weather_sample.csv
[OK] Γράφτηκαν 45 εγγραφές στο /Users/drakos/cy-fire-dashboard/cy_weather_sample.csv
[OK] Γράφτηκαν 45 εγγραφές στο /Users/drakos/cy-fire-dashboard/cy_weather_sample.csv
[OK] Γράφτηκαν 45 εγγραφές στο /Users/drakos/cy-fire-dashboard/cy_weather_sample.csv
[OK] Γράφτηκαν 45 εγγραφές στο /Users/drakos/cy-fire-dashboard/cy_weather_sample.csv
[OK] Γράφτηκαν 45 εγγραφές στο /Users/drakos/cy-fire-dashboard/cy_weather_sample.csv
[OK] Γράφτηκαν 45 εγγραφές στο /Users/drakos/cy-fire-dashboard/cy_weather_sample.csv
[OK] Γράφτηκαν 43 εγγραφές στο /Users/drakos/cy-fire-dashboard/cy_weather_sample.csv
[OK] Γράφτηκαν 43 εγγραφές στο /Users/drakos/cy-fire-dashboard/cy_weather_sample.csv
[OK] Γράφτηκαν 45 εγγραφές στο /Users/drakos/cy-fire-dashboard/cy_weather_sample.csv
[OK] Γράφτηκαν 45 εγγραφές στο /Users/drakos/cy-fire-dashboard/cy_weather_sample.csv
[OK] Γράφτηκαν 45 εγγραφές στο /Users/drakos/cy-fire-dashboard/cy_weather_sample.csv
[OK] Γράφτηκαν 45 εγγραφές στο /Users/drakos/cy-fire-dashboard/cy_weather_sample.csv
[OK] Γράφτηκαν 44 εγγραφές στο /Users/drakos/cy-fire-dashboard/cy_weather_sample.csv
[OK] Γράφτηκαν 44 εγγραφές στο /Users/drakos/cy-fire-dashboard/cy_weather_sample.csv
[OK] Γράφτηκαν 45 εγγραφές στο /Users/drakos/cy-fire-dashboard/cy_weather_sample.csv
[OK] Γράφτηκαν 45 εγγραφές στο /Users/drakos/cy-fire-dashboard/cy_weather_sample.csv
[OK] Γράφτηκαν 45 εγγραφές στο /Users/drakos/cy-fire-dashboard/cy_weather_sample.csv
[OK] Γράφτηκαν 45 εγγραφές στο /Users/drakos/cy-fire-dashboard/cy_weather_sample.csv
[OK] Γράφτηκαν 45 εγγραφές στο /Users/drakos/cy-fire-dashboard/cy_weather_sample.csv
[OK] Γράφτηκαν 45 εγγραφές στο /Users/drakos/cy-fire-dashboard/cy_weather_sample.csv
[OK] Γράφτηκαν 45 εγγραφές στο /Users/drakos/cy-fire-dashboard/cy_weather_sample.csv
[OK] Γράφτηκαν 45 εγγραφές στο /Users/drakos/cy-fire-dashboard/cy_weather_sample.csv
[OK] Γράφτηκαν 45 εγγραφές στο /Users/drakos/cy-fire-dashboard/cy_weather_sample.csv
[OK] Γράφτηκαν 45 εγγραφές στο /Users/drakos/cy-fire-dashboard/cy_weather_sample.csv
[OK] Γράφτηκαν 45 εγγραφές στο /Users/drakos/cy-fire-dashboard/cy_weather_sample.csv
[OK] Γράφτηκαν 45 εγγραφές στο /Users/drakos/cy-fire-dashboard/cy_weather_sample.csv
[OK] Γράφτηκαν 44 εγγραφές στο /Users/drakos/cy-fire-dashboard/cy_weather_sample.csv
[OK] Γράφτηκαν 44 εγγραφές στο /Users/drakos/cy-fire-dashboard/cy_weather_sample.csv
[OK] Γράφτηκαν 45 εγγραφές στο /Users/drakos/cy-fire-dashboard/cy_weather_sample.csv
[OK] Γράφτηκαν 45 εγγραφές στο /Users/drakos/cy-fire-dashboard/cy_weather_sample.csv
[OK] Γράφτηκαν 45 εγγραφές στο /Users/drakos/cy-fire-dashboard/cy_weather_sample.csv
[OK] Γράφτηκαν 45 εγγραφές στο /Users/drakos/cy-fire-dashboard/cy_weather_sample.csv
[OK] Γράφτηκαν 45 εγγραφές στο /Users/drakos/cy-fire-dashboard/cy_weather_sample.csv
[OK] Γράφτηκαν 45 εγγραφές στο /Users/drakos/cy-fire-dashboard/cy_weather_sample.csv
[OK] Γράφτηκαν 45 εγγραφές στο /Users/drakos/cy-fire-dashboard/cy_weather_sample.csv
[OK] Γράφτηκαν 45 εγγραφές στο /Users/drakos/cy-fire-dashboard/cy_weather_sample.csv
[OK] Γράφτηκαν 45 εγγραφές στο /Users/drakos/cy-fire-dashboard/cy_weather_sample.csv
[OK] Γράφτηκαν 45 εγγραφές στο /Users/drakos/cy-fire-dashboard/cy_weather_sample.csv
[OK] Γράφτηκαν 44 εγγραφές στο /Users/drakos/cy-fire-dashboard/cy_weather_sample.csv
[OK] Γράφτηκαν 44 εγγραφές στο /Users/drakos/cy-fire-dashboard/cy_weather_sample.csv
[OK] Γράφτηκαν 45 εγγραφές στο /Users/drakos/cy-fire-dashboard/cy_weather_sample.csv
[OK] Γράφτηκαν 45 εγγραφές στο /Users/drakos/cy-fire-dashboard/cy_weather_sample.csv
[OK] Γράφτηκαν 45 εγγραφές στο /Users/drakos/cy-fire-dashboard/cy_weather_sample.csv
[OK] Γράφτηκαν 45 εγγραφές στο /Users/drakos/cy-fire-dashboard/cy_weather_sample.csv
[OK] Γράφτηκαν 43 εγγραφές στο /Users/drakos/cy-fire-dashboard/cy_weather_sample.csv
[OK] Γράφτηκαν 43 εγγραφές στο /Users/drakos/cy-fire-dashboard/cy_weather_sample.csv
[OK] Γράφτηκαν 45 εγγραφές στο /Users/drakos/cy-fire-dashboard/cy_weather_sample.csv
[OK] Γράφτηκαν 45 εγγραφές στο /Users/drakos/cy-fire-dashboard/cy_weather_sample.csv
[OK] Γράφτηκαν 45 εγγραφές στο /Users/drakos/cy-fire-dashboard/cy_weather_sample.csv
[OK] Γράφτηκαν 45 εγγραφές στο /Users/drakos/cy-fire-dashboard/cy_weather_sample.csv
[OK] Γράφτηκαν 45 εγγραφές στο /Users/drakos/cy-fire-dashboard/cy_weather_sample.csv
[OK] Γράφτηκαν 45 εγγραφές στο /Users/drakos/cy-fire-dashboard/cy_weather_sample.csv
[OK] Γράφτηκαν 45 εγγραφές στο /Users/drakos/cy-fire-dashboard/cy_weather_sample.csv
[OK] Γράφτηκαν 45 εγγραφές στο /Users/drakos/cy-fire-dashboard/cy_weather_sample.csv
[OK] Γράφτηκαν 45 εγγραφές στο /Users/drakos/cy-fire-dashboard/cy_weather_sample.csv
[OK] Γράφτηκαν 45 εγγραφές στο /Users/drakos/cy-fire-dashboard/cy_weather_sample.csv
[OK] Γράφτηκαν 45 εγγραφές στο /Users/drakos/cy-fire-dashboard/cy_weather_sample.csv
[OK] Γράφτηκαν 45 εγγραφές στο /Users/drakos/cy-fire-dashboard/cy_weather_sample.csv
[OK] Γράφτηκαν 45 εγγραφές στο /Users/drakos/cy-fire-dashboard/cy_weather_sample.csv
[OK] Γράφτηκαν 45 εγγραφές στο /Users/drakos/cy-fire-dashboard/cy_weather_sample.csv
[OK] Γράφτηκαν 45 εγγραφές στο /Users/drakos/cy-fire-dashboard/cy_weather_sample.csv
[OK] Γράφτηκαν 45 εγγραφές στο /Users/drakos/cy-fire-dashboard/cy_weather_sample.csv
[OK] Γράφτηκαν 44 εγγραφές στο /Users/drakos/cy-fire-dashboard/cy_weather_sample.csv
[OK] Γράφτηκαν 44 εγγραφές στο /Users/drakos/cy-fire-dashboard/cy_weather_sample.csv
[OK] Γράφτηκαν 45 εγγραφές στο /Users/drakos/cy-fire-dashboard/cy_weather_sample.csv
[OK] Γράφτηκαν 45 εγγραφές στο /Users/drakos/cy-fire-dashboard/cy_weather_sample.csv
[OK] Γράφτηκαν 45 εγγραφές στο /Users/drakos/cy-fire-dashboard/cy_weather_sample.csv
[OK] Γράφτηκαν 45 εγγραφές στο /Users/drakos/cy-fire-dashboard/cy_weather_sample.csv
[OK] Γράφτηκαν 45 εγγραφές στο /Users/drakos/cy-fire-dashboard/cy_weather_sample.csv
[OK] Γράφτηκαν 45 εγγραφές στο /Users/drakos/cy-fire-dashboard/cy_weather_sample.csv
[OK] Γράφτηκαν 45 εγγραφές στο /Users/drakos/cy-fire-dashboard/cy_weather_sample.csv
[OK] Γράφτηκαν 45 εγγραφές στο /Users/drakos/cy-fire-dashboard/cy_weather_sample.csv
[OK] Γράφτηκαν 45 εγγραφές στο /Users/drakos/cy-fire-dashboard/cy_weather_sample.csv
[OK] Γράφτηκαν 45 εγγραφές στο /Users/drakos/cy-fire-dashboard/cy_weather_sample.csv
[OK] Γράφτηκαν 45 εγγραφές στο /Users/drakos/cy-fire-dashboard/cy_weather_sample.csv
[OK] Γράφτηκαν 45 εγγραφές στο /Users/drakos/cy-fire-dashboard/cy_weather_sample.csv
[OK] Γράφτηκαν 45 εγγραφές στο /Users/drakos/cy-fire-dashboard/cy_weather_sample.csv
[OK] Γράφτηκαν 45 εγγραφές στο /Users/drakos/cy-fire-dashboard/cy_weather_sample.csv
[OK] Γράφτηκαν 45 εγγραφές στο /Users/drakos/cy-fire-dashboard/cy_weather_sample.csv
[OK] Γράφτηκαν 45 εγγραφές στο /Users/drakos/cy-fire-dashboard/cy_weather_sample.csv
[OK] Γράφτηκαν 45 εγγραφές στο /Users/drakos/cy-fire-dashboard/cy_weather_sample.csv
[OK] Γράφτηκαν 45 εγγραφές στο /Users/drakos/cy-fire-dashboard/cy_weather_sample.csv
[OK] Γράφτηκαν 44 εγγραφές στο /Users/drakos/cy-fire-dashboard/cy_weather_sample.csv
[OK] Γράφτηκαν 44 εγγραφές στο /Users/drakos/cy-fire-dashboard/cy_weather_sample.csv
[OK] Γράφτηκαν 45 εγγραφές στο /Users/drakos/cy-fire-dashboard/cy_weather_sample.csv
[OK] Γράφτηκαν 45 εγγραφές στο /Users/drakos/cy-fire-dashboard/cy_weather_sample.csv
[OK] Γράφτηκαν 45 εγγραφές στο /Users/drakos/cy-fire-dashboard/cy_weather_sample.csv
[OK] Γράφτηκαν 45 εγγραφές στο /Users/drakos/cy-fire-dashboard/cy_weather_sample.csv
[OK] Γράφτηκαν 45 εγγραφές στο /Users/drakos/cy-fire-dashboard/cy_weather_sample.csv
[OK] Γράφτηκαν 45 εγγραφές στο /Users/drakos/cy-fire-dashboard/cy_weather_sample.csv
[OK] Γράφτηκαν 45 εγγραφές στο /Users/drakos/cy-fire-dashboard/cy_weather_sample.csv
[OK] Γράφτηκαν 45 εγγραφές στο /Users/drakos/cy-fire-dashboard/cy_weather_sample.csv
[OK] Γράφτηκαν 45 εγγραφές στο /Users/drakos/cy-fire-dashboard/cy_weather_sample.csv
[OK] Γράφτηκαν 45 εγγραφές στο /Users/drakos/cy-fire-dashboard/cy_weather_sample.csv
[OK] Γράφτηκαν 45 εγγραφές στο /Users/drakos/cy-fire-dashboard/cy_weather_sample.csv
[OK] Γράφτηκαν 45 εγγραφές στο /Users/drakos/cy-fire-dashboard/cy_weather_sample.csv
[OK] Γράφτηκαν 45 εγγραφές στο /Users/drakos/cy-fire-dashboard/cy_weather_sample.csv
[OK] Γράφτηκαν 45 εγγραφές στο /Users/drakos/cy-fire-dashboard/cy_weather_sample.csv
[OK] Γράφτηκαν 45 εγγραφές στο /Users/drakos/cy-fire-dashboard/cy_weather_sample.csv
[OK] Γράφτηκαν 45 εγγραφές στο /Users/drakos/cy-fire-dashboard/cy_weather_sample.csv
[OK] Γράφτηκαν 44 εγγραφές στο /Users/drakos/cy-fire-dashboard/cy_weather_sample.csv
[OK] Γράφτηκαν 44 εγγραφές στο /Users/drakos/cy-fire-dashboard/cy_weather_sample.csv
[OK] Γράφτηκαν 45 εγγραφές στο /Users/drakos/cy-fire-dashboard/cy_weather_sample.csv
[OK] Γράφτηκαν 45 εγγραφές στο /Users/drakos/cy-fire-dashboard/cy_weather_sample.csv
[OK] Γράφτηκαν 45 εγγραφές στο /Users/drakos/cy-fire-dashboard/cy_weather_sample.csv
[OK] Γράφτηκαν 45 εγγραφές στο /Users/drakos/cy-fire-dashboard/cy_weather_sample.csv
[OK] Γράφτηκαν 45 εγγραφές στο /Users/drakos/cy-fire-dashboard/cy_weather_sample.csv
[OK] Γράφτηκαν 45 εγγραφές στο /Users/drakos/cy-fire-dashboard/cy_weather_sample.csv
[OK] Γράφτηκαν 44 εγγραφές στο /Users/drakos/cy-fire-dashboard/cy_weather_sample.csv
[OK] Γράφτηκαν 44 εγγραφές στο /Users/drakos/cy-fire-dashboard/cy_weather_sample.csv
[OK] Γράφτηκαν 45 εγγραφές στο /Users/drakos/cy-fire-dashboard/cy_weather_sample.csv
[OK] Γράφτηκαν 45 εγγραφές στο /Users/drakos/cy-fire-dashboard/cy_weather_sample.csv
[OK] Γράφτηκαν 45 εγγραφές στο /Users/drakos/cy-fire-dashboard/cy_weather_sample.csv
[OK] Γράφτηκαν 45 εγγραφές στο /Users/drakos/cy-fire-dashboard/cy_weather_sample.csv
[OK] Γράφτηκαν 45 εγγραφές στο /Users/drakos/cy-fire-dashboard/cy_weather_sample.csv
[OK] Γράφτηκαν 45 εγγραφές στο /Users/drakos/cy-fire-dashboard/cy_weather_sample.csv
[OK] Γράφτηκαν 40 εγγραφές στο /Users/drakos/cy-fire-dashboard/cy_weather_sample.csv
[OK] Γράφτηκαν 40 εγγραφές στο /Users/drakos/cy-fire-dashboard/cy_weather_sample.csv
[OK] Γράφτηκαν 45 εγγραφές στο /Users/drakos/cy-fire-dashboard/cy_weather_sample.csv
[OK] Γράφτηκαν 45 εγγραφές στο /Users/drakos/cy-fire-dashboard/cy_weather_sample.csv
[OK] Γράφτηκαν 45 εγγραφές στο /Users/drakos/cy-fire-dashboard/cy_weather_sample.csv
[OK] Γράφτηκαν 45 εγγραφές στο /Users/drakos/cy-fire-dashboard/cy_weather_sample.csv
[OK] Γράφτηκαν 45 εγγραφές στο /Users/drakos/cy-fire-dashboard/cy_weather_sample.csv
[OK] Γράφτηκαν 45 εγγραφές στο /Users/drakos/cy-fire-dashboard/cy_weather_sample.csv
[OK] Γράφτηκαν 45 εγγραφές στο /Users/drakos/cy-fire-dashboard/cy_weather_sample.csv
[OK] Γράφτηκαν 45 εγγραφές στο /Users/drakos/cy-fire-dashboard/cy_weather_sample.csv
[OK] Γράφτηκαν 46 εγγραφές στο /Users/drakos/cy-fire-dashboard/cy_weather_sample.csv
[OK] Γράφτηκαν 46 εγγραφές στο /Users/drakos/cy-fire-dashboard/cy_weather_sample.csv
[OK] Γράφτηκαν 46 εγγραφές στο /Users/drakos/cy-fire-dashboard/cy_weather_sample.csv
[OK] Γράφτηκαν 46 εγγραφές στο /Users/drakos/cy-fire-dashboard/cy_weather_sample.csv
[OK] Γράφτηκαν 46 εγγραφές στο /Users/drakos/cy-fire-dashboard/cy_weather_sample.csv
[OK] Γράφτηκαν 46 εγγραφές στο /Users/drakos/cy-fire-dashboard/cy_weather_sample.csv
[OK] Γράφτηκαν 46 εγγραφές στο /Users/drakos/cy-fire-dashboard/cy_weather_sample.csv
[OK] Γράφτηκαν 46 εγγραφές στο /Users/drakos/cy-fire-dashboard/cy_weather_sample.csv
[OK] Γράφτηκαν 46 εγγραφές στο /Users/drakos/cy-fire-dashboard/cy_weather_sample.csv
[OK] Γράφτηκαν 46 εγγραφές στο /Users/drakos/cy-fire-dashboard/cy_weather_sample.csv
[OK] Γράφτηκαν 46 εγγραφές στο /Users/drakos/cy-fire-dashboard/cy_weather_sample.csv
[OK] Γράφτηκαν 46 εγγραφές στο /Users/drakos/cy-fire-dashboard/cy_weather_sample.csv
[OK] Γράφτηκαν 46 εγγραφές στο /Users/drakos/cy-fire-dashboard/cy_weather_sample.csv
[OK] Γράφτηκαν 46 εγγραφές στο /Users/drakos/cy-fire-dashboard/cy_weather_sample.csv
[OK] Γράφτηκαν 46 εγγραφές στο /Users/drakos/cy-fire-dashboard/cy_weather_sample.csv
[OK] Γράφτηκαν 46 εγγραφές στο /Users/drakos/cy-fire-dashboard/cy_weather_sample.csv
[OK] Γράφτηκαν 46 εγγραφές στο /Users/drakos/cy-fire-dashboard/cy_weather_sample.csv
[OK] Γράφτηκαν 46 εγγραφές στο /Users/drakos/cy-fire-dashboard/cy_weather_sample.csv
[OK] Γράφτηκαν 45 εγγραφές στο /Users/drakos/cy-fire-dashboard/cy_weather_sample.csv
[OK] Γράφτηκαν 45 εγγραφές στο /Users/drakos/cy-fire-dashboard/cy_weather_sample.csv
[OK] Γράφτηκαν 46 εγγραφές στο /Users/drakos/cy-fire-dashboard/cy_weather_sample.csv
[OK] Γράφτηκαν 46 εγγραφές στο /Users/drakos/cy-fire-dashboard/cy_weather_sample.csv
[OK] Γράφτηκαν 46 εγγραφές στο /Users/drakos/cy-fire-dashboard/cy_weather_sample.csv
[OK] Γράφτηκαν 46 εγγραφές στο /Users/drakos/cy-fire-dashboard/cy_weather_sample.csv
[OK] Γράφτηκαν 46 εγγραφές στο /Users/drakos/cy-fire-dashboard/cy_weather_sample.csv
[OK] Γράφτηκαν 46 εγγραφές στο /Users/drakos/cy-fire-dashboard/cy_weather_sample.csv
[OK] Γράφτηκαν 46 εγγραφές στο /Users/drakos/cy-fire-dashboard/cy_weather_sample.csv
[OK] Γράφτηκαν 46 εγγραφές στο /Users/drakos/cy-fire-dashboard/cy_weather_sample.csv
[OK] Γράφτηκαν 46 εγγραφές στο /Users/drakos/cy-fire-dashboard/cy_weather_sample.csv
[OK] Γράφτηκαν 46 εγγραφές στο /Users/drakos/cy-fire-dashboard/cy_weather_sample.csv
[OK] Γράφτηκαν 46 εγγραφές στο /Users/drakos/cy-fire-dashboard/cy_weather_sample.csv
[OK] Γράφτηκαν 46 εγγραφές στο /Users/drakos/cy-fire-dashboard/cy_weather_sample.csv
[OK] Γράφτηκαν 46 εγγραφές στο /Users/drakos/cy-fire-dashboard/cy_weather_sample.csv
[OK] Γράφτηκαν 46 εγγραφές στο /Users/drakos/cy-fire-dashboard/cy_weather_sample.csv
[OK] Γράφτηκαν 45 εγγραφές στο /Users/drakos/cy-fire-dashboard/cy_weather_sample.csv
[OK] Γράφτηκαν 45 εγγραφές στο /Users/drakos/cy-fire-dashboard/cy_weather_sample.csv
[OK] Γράφτηκαν 46 εγγραφές στο /Users/drakos/cy-fire-dashboard/cy_weather_sample.csv
[OK] Γράφτηκαν 46 εγγραφές στο /Users/drakos/cy-fire-dashboard/cy_weather_sample.csv
[OK] Γράφτηκαν 46 εγγραφές στο /Users/drakos/cy-fire-dashboard/cy_weather_sample.csv
[OK] Γράφτηκαν 46 εγγραφές στο /Users/drakos/cy-fire-dashboard/cy_weather_sample.csv
[OK] Γράφτηκαν 46 εγγραφές στο /Users/drakos/cy-fire-dashboard/cy_weather_sample.csv
[OK] Γράφτηκαν 46 εγγραφές στο /Users/drakos/cy-fire-dashboard/cy_weather_sample.csv
